-encoding
UTF-8
-source
6
-target
6
-classpath
/Users/samyboukhris/.m2/repository/junit/junit/4.9/junit-4.9.jar:/Users/samyboukhris/.m2/repository/log4j/log4j/1.2.9/log4j-1.2.9.jar:/Users/samyboukhris/.m2/repository/org/aspectj/aspectjrt/1.6.11/aspectjrt-1.6.11.jar:/Users/samyboukhris/.m2/repository/org/aspectj/aspectjweaver/1.6.11/aspectjweaver-1.6.11.jar:/Users/samyboukhris/.m2/repository/org/springframework/spring-core/3.1.0.RELEASE/spring-core-3.1.0.RELEASE.jar:/Users/samyboukhris/.m2/repository/org/springframework/spring-context/3.1.0.RELEASE/spring-context-3.1.0.RELEASE.jar:/Users/samyboukhris/.m2/repository/org/springframework/spring-aop/3.1.0.RELEASE/spring-aop-3.1.0.RELEASE.jar:/Users/samyboukhris/.m2/repository/org/springframework/spring-asm/3.1.0.RELEASE/spring-asm-3.1.0.RELEASE.jar:/Users/samyboukhris/.m2/repository/commons-logging/commons-logging/1.1.1/commons-logging-1.1.1.jar:/Users/samyboukhris/.m2/repository/org/springframework/spring-beans/3.1.0.RELEASE/spring-beans-3.1.0.RELEASE.jar:/Users/samyboukhris/.m2/repository/org/springframework/spring-expression/3.1.0.RELEASE/spring-expression-3.1.0.RELEASE.jar:/Users/samyboukhris/.m2/repository/aopalliance/aopalliance/1.0/aopalliance-1.0.jar:/Users/samyboukhris/Documents/Dev/Valtech/GWT/Workspace/Mower/target/classes
-d
/Users/samyboukhris/Documents/Dev/Valtech/GWT/Workspace/Mower/target/classes
/Users/samyboukhris/Documents/Dev/Valtech/GWT/Workspace/Mower/src/main/java/xebia/ch/aop/Timer.java
/Users/samyboukhris/Documents/Dev/Valtech/GWT/Workspace/Mower/src/main/java/xebia/ch/controller/ICallBack.java
/Users/samyboukhris/Documents/Dev/Valtech/GWT/Workspace/Mower/src/main/java/xebia/ch/controller/MowerController.java
/Users/samyboukhris/Documents/Dev/Valtech/GWT/Workspace/Mower/src/main/java/xebia/ch/helper/MowerHelper.java
/Users/samyboukhris/Documents/Dev/Valtech/GWT/Workspace/Mower/src/main/java/xebia/ch/model/Direction.java
/Users/samyboukhris/Documents/Dev/Valtech/GWT/Workspace/Mower/src/main/java/xebia/ch/model/INC_TYPE.java
/Users/samyboukhris/Documents/Dev/Valtech/GWT/Workspace/Mower/src/main/java/xebia/ch/model/Incident.java
/Users/samyboukhris/Documents/Dev/Valtech/GWT/Workspace/Mower/src/main/java/xebia/ch/model/Instruction.java
/Users/samyboukhris/Documents/Dev/Valtech/GWT/Workspace/Mower/src/main/java/xebia/ch/model/Lawn.java
/Users/samyboukhris/Documents/Dev/Valtech/GWT/Workspace/Mower/src/main/java/xebia/ch/model/Mower.java
/Users/samyboukhris/Documents/Dev/Valtech/GWT/Workspace/Mower/src/main/java/xebia/ch/model/Position.java
